Arguments: 
  C:\Program Files\nodejs\node.exe C:\Users\kusogakiga\AppData\Roaming\npm\node_modules\yarn\bin\yarn.js dev

PATH: 
  C:\Users\kusogakiga\bin;C:\Program Files\Git\mingw64\bin;C:\Program Files\Git\usr\local\bin;C:\Program Files\Git\usr\bin;C:\Program Files\Git\usr\bin;C:\Program Files\Git\mingw64\bin;C:\Program Files\Git\usr\bin;C:\Users\kusogakiga\bin;C:\Program Files (x86)\Common Files\Oracle\Java\javapath;C:\Python310\Scripts;C:\Python310;C:\Windows\system32;C:\Windows;C:\Windows\System32\Wbem;C:\Windows\System32\WindowsPowerShell\v1.0;C:\Windows\System32\OpenSSH;C:\Program Files (x86)\NVIDIA Corporation\PhysX\Common;C:\WINDOWS\system32;C:\WINDOWS;C:\WINDOWS\System32\Wbem;C:\WINDOWS\System32\WindowsPowerShell\v1.0;C:\WINDOWS\System32\OpenSSH;C:\xampp\php;C:\ProgramData\ComposerSetup\bin;C:\ProgramData\chocolatey\bin;C:\Program Files\Git\cmd;C:\Program Files\nodejs;C:\Program Files\MongoDB\Server\4.4\bin;C:\Program Files\NVIDIA Corporation\NVIDIA NvDLISR;C:\Program Files\Docker\Docker\resources\bin;C:\xampp\php;C:\Users\kusogakiga\AppData\Roaming\Composer\vendor\bin;C:\Users\kusogakiga\AppData\Local\Programs\Microsoft VS Code\bin;C:\Users\kusogakiga\AppData\Roaming\npm;C:\src\flutter\bin;C:\Program Files\mongosh\bin;C:\Program Files\Git\usr\bin\vendor_perl;C:\Program Files\Git\usr\bin\core_perl

Yarn version: 
  1.22.19

Node version: 
  18.3.0

Platform: 
  win32 x64

Trace: 
  SyntaxError: C:\Users\kusogakiga\Documents\Latihan\mern-blog-be\app\package.json: Unexpected string in JSON at position 175
      at JSON.parse (<anonymous>)
      at C:\Users\kusogakiga\AppData\Roaming\npm\node_modules\yarn\lib\cli.js:1629:59
      at Generator.next (<anonymous>)
      at step (C:\Users\kusogakiga\AppData\Roaming\npm\node_modules\yarn\lib\cli.js:310:30)
      at C:\Users\kusogakiga\AppData\Roaming\npm\node_modules\yarn\lib\cli.js:321:13

npm manifest: 
  {
    "name": "mern-blog-be",
    "version": "1.0.0",
    "description": "",
    "main": "server.js",
    "scripts": {
      "start": "node server.js",
      "dev": "nodemon server.js"
      "test": "echo \"Error: no test specified\" && exit 1"
    },
    "keywords": [],
    "author": "",
    "license": "ISC"
  }

yarn manifest: 
  No manifest

Lockfile: 
  No lockfile
